0 info it worked if it ends with ok
1 verbose cli [ 'C:\\Program Files\\nodejs\\node.exe',
1 verbose cli   'C:\\Program Files\\nodejs\\node_modules\\npm\\bin\\npm-cli.js',
1 verbose cli   'run',
1 verbose cli   'release',
1 verbose cli   'major' ]
2 info using npm@3.5.3
3 info using node@v4.0.0
4 verbose run-script [ 'prerelease', 'release', 'postrelease' ]
5 info lifecycle @jquense/component-playground@1.1.0~prerelease: @jquense/component-playground@1.1.0
6 silly lifecycle @jquense/component-playground@1.1.0~prerelease: no script for prerelease, continuing
7 info lifecycle @jquense/component-playground@1.1.0~release: @jquense/component-playground@1.1.0
8 verbose lifecycle @jquense/component-playground@1.1.0~release: unsafe-perm in lifecycle true
9 verbose lifecycle @jquense/component-playground@1.1.0~release: PATH: C:\Users\jquense\AppData\Roaming\nvm\v4.0.0\node_modules\npm\bin\node-gyp-bin;C:\Projects\component-playground\node_modules\.bin;C:\Program Files\ConEmu\ConEmu\Scripts;C:\Program Files\ConEmu\ConEmu\Scripts;C:\Program Files\ConEmu;C:\Program Files\ConEmu\ConEmu;C:\Program Files (x86)\Intel\iCLS Client\;C:\Program Files\Intel\iCLS Client\;C:\Program Files (x86)\NVIDIA Corporation\PhysX\Common;C:\Windows\system32;C:\Windows;C:\Windows\System32\Wbem;C:\Windows\System32\WindowsPowerShell\v1.0\;C:\Program Files (x86)\Hewlett-Packard\HP Performance Advisor;C:\Program Files\Intel\WiFi\bin\;C:\Program Files\Common Files\Intel\WirelessCommon\;C:\Program Files\Intel\Intel(R) Management Engine Components\DAL;C:\Program Files (x86)\Intel\Intel(R) Management Engine Components\DAL;C:\Program Files\Intel\Intel(R) Management Engine Components\IPT;C:\Program Files (x86)\Intel\Intel(R) Management Engine Components\IPT;C:\Windows\system32\config\systemprofile\.dnx\bin;C:\Program Files\Microsoft DNX\Dnvm\;C:\Program Files (x86)\Windows Kits\8.1\Windows Performance Toolkit\;C:\Program Files\Microsoft SQL Server\110\Tools\Binn\;C:\Program Files (x86)\Microsoft SDKs\TypeScript\1.0\;C:\Program Files\Microsoft SQL Server\120\Tools\Binn\;C:\Users\jquense\AppData\Roaming\nvm;C:\Program Files\nodejs;C:\Program Files\Microsoft\Web Platform Installer\;C:\Program Files\Git\cmd;C:\Program Files (x86)\Gow\bin;C:\Ruby22-x64\bin;C:\Users\jquense\AppData\Local\atom\bin;C:\Users\jquense\AppData\Roaming\nvm;C:\Program Files\nodejs
10 verbose lifecycle @jquense/component-playground@1.1.0~release: CWD: C:\Projects\component-playground
11 silly lifecycle @jquense/component-playground@1.1.0~release: Args: [ '/d /s /c', 'release "major"' ]
12 silly lifecycle @jquense/component-playground@1.1.0~release: Returned: code: 1  signal: null
13 info lifecycle @jquense/component-playground@1.1.0~release: Failed to exec release script
14 verbose stack Error: @jquense/component-playground@1.1.0 release: `release "major"`
14 verbose stack Exit status 1
14 verbose stack     at EventEmitter.<anonymous> (C:\Users\jquense\AppData\Roaming\nvm\v4.0.0\node_modules\npm\lib\utils\lifecycle.js:232:16)
14 verbose stack     at emitTwo (events.js:87:13)
14 verbose stack     at EventEmitter.emit (events.js:172:7)
14 verbose stack     at ChildProcess.<anonymous> (C:\Users\jquense\AppData\Roaming\nvm\v4.0.0\node_modules\npm\lib\utils\spawn.js:24:14)
14 verbose stack     at emitTwo (events.js:87:13)
14 verbose stack     at ChildProcess.emit (events.js:172:7)
14 verbose stack     at maybeClose (internal/child_process.js:817:16)
14 verbose stack     at Process.ChildProcess._handle.onexit (internal/child_process.js:211:5)
15 verbose pkgid @jquense/component-playground@1.1.0
16 verbose cwd C:\Projects\component-playground
17 error Windows_NT 6.1.7601
18 error argv "C:\\Program Files\\nodejs\\node.exe" "C:\\Program Files\\nodejs\\node_modules\\npm\\bin\\npm-cli.js" "run" "release" "major"
19 error node v4.0.0
20 error npm  v3.5.3
21 error code ELIFECYCLE
22 error @jquense/component-playground@1.1.0 release: `release "major"`
22 error Exit status 1
23 error Failed at the @jquense/component-playground@1.1.0 release script 'release "major"'.
23 error Make sure you have the latest version of node.js and npm installed.
23 error If you do, this is most likely a problem with the @jquense/component-playground package,
23 error not with npm itself.
23 error Tell the author that this fails on your system:
23 error     release "major"
23 error You can get information on how to open an issue for this project with:
23 error     npm bugs @jquense/component-playground
23 error Or if that isn't available, you can get their info via:
23 error     npm owner ls @jquense/component-playground
23 error There is likely additional logging output above.
24 verbose exit [ 1, true ]
